d:\projects\gpu_mezlondr\x64\release\vc143.pdb
d:\projects\gpu_mezlondr\x64\release\texture.obj
d:\projects\gpu_mezlondr\x64\release\simulation.obj
d:\projects\gpu_mezlondr\x64\release\particlesimulatingmesh.obj
d:\projects\gpu_mezlondr\x64\release\gravityupdate.obj
d:\projects\gpu_mezlondr\x64\release\cpuvelocities.obj
d:\projects\gpu_mezlondr\x64\release\cpureallocategrid.obj
d:\projects\gpu_mezlondr\x64\release\cpuneighborsdensitypressure.obj
d:\projects\gpu_mezlondr\x64\release\cpuforces.obj
d:\projects\gpu_mezlondr\x64\release\cpufillgridwithparticles.obj
d:\projects\gpu_mezlondr\x64\release\cpucellcounts.obj
d:\projects\gpu_mezlondr\x64\release\shader.obj
d:\projects\gpu_mezlondr\x64\release\mesh.obj
d:\projects\gpu_mezlondr\x64\release\main.obj
d:\projects\gpu_mezlondr\x64\release\loader.obj
d:\projects\gpu_mezlondr\x64\release\image.obj
d:\projects\gpu_mezlondr\x64\release\geometry.obj
d:\projects\gpu_mezlondr\x64\release\defines.obj
d:\projects\gpu_mezlondr\x64\release\config.obj
d:\projects\gpu_mezlondr\x64\release\check.obj
d:\projects\gpu_mezlondr\x64\release\camera.obj
d:\projects\gpu_mezlondr\x64\release\window.obj
d:\projects\gpu_mezlondr\x64\release\utils.obj
d:\projects\gpu_mezlondr\x64\release\gpucudainit.cu.obj
d:\projects\gpu_mezlondr\x64\release\gpufillgridwithparticles.cu.obj
d:\projects\gpu_mezlondr\x64\release\gpuforces.cu.obj
d:\projects\gpu_mezlondr\x64\release\gpuneighborsdensitypressure.cu.obj
d:\projects\gpu_mezlondr\x64\release\gpuvelocities.cu.obj
d:\projects\gpu_mezlondr\x64\release\glfw3.dll
d:\projects\gpu_mezlondr\x64\release\libpng16.dll
d:\projects\gpu_mezlondr\x64\release\zlib1.dll
d:\projects\gpu_mezlondr\x64\release\gpu_mezlondr.lib
d:\projects\gpu_mezlondr\x64\release\gpu_mezlondr.exp
d:\projects\gpu_mezlondr\x64\release\gpu_mezlondr.ipdb
d:\projects\gpu_mezlondr\x64\release\gpu_mezlondr.iobj
d:\projects\gpu_mezlondr\x64\release\gpu_mezlondr.exe
d:\projects\gpu_mezlondr\x64\release\gpu_mezlondr.pdb
d:\projects\gpu_mezlondr\x64\release\gpucudainit.cu.cache
d:\projects\gpu_mezlondr\x64\release\gpufillgridwithparticles.cu.cache
d:\projects\gpu_mezlondr\x64\release\gpuforces.cu.cache
d:\projects\gpu_mezlondr\x64\release\gpuneighborsdensitypressure.cu.cache
d:\projects\gpu_mezlondr\x64\release\gpuvelocities.cu.cache
d:\projects\gpu_mezlondr\x64\release\gpu_mezlondr.tlog\cl.command.1.tlog
d:\projects\gpu_mezlondr\x64\release\gpu_mezlondr.tlog\cl.read.1.tlog
d:\projects\gpu_mezlondr\x64\release\gpu_mezlondr.tlog\cl.write.1.tlog
d:\projects\gpu_mezlondr\x64\release\gpu_mezlondr.tlog\cudacompile.read.1u.tlog
d:\projects\gpu_mezlondr\x64\release\gpu_mezlondr.tlog\cudacompile.write.1u.tlog
d:\projects\gpu_mezlondr\x64\release\gpu_mezlondr.tlog\gpu_mezlondr.write.1u.tlog
d:\projects\gpu_mezlondr\x64\release\gpu_mezlondr.tlog\link.command.1.tlog
d:\projects\gpu_mezlondr\x64\release\gpu_mezlondr.tlog\link.read.1.tlog
d:\projects\gpu_mezlondr\x64\release\gpu_mezlondr.tlog\link.write.1.tlog
d:\projects\gpu_mezlondr\x64\release\gpu_mezlondr.tlog\link.write.2u.tlog
